code-creation,Stub,0x35e463206000,383,"JSEntryStub"
code-creation,Stub,0x35e463206180,383,"JSConstructEntryStub"
code-creation,Stub,0x35e463206300,794,"CEntryStub"
code-creation,Stub,0x35e463206620,1145,"CEntryStub"
code-creation,Stub,0x35e463206aa0,168,"StoreBufferOverflowStub"
code-creation,Stub,0x35e463206b60,388,"StoreBufferOverflowStub"
code-creation,Stub,0x35e463206d00,1765,"RecordWriteStub"
code-creation,Stub,0x35e463207400,1756,"RecordWriteStub"
code-creation,Stub,0x35e463207ae0,772,"RecordWriteStub"
code-creation,Stub,0x35e463207e00,1756,"RecordWriteStub"
code-creation,Stub,0x35e4632084e0,1750,"RecordWriteStub"
code-creation,Stub,0x35e463208bc0,1810,"RecordWriteStub"
code-creation,Stub,0x35e4632092e0,1786,"RecordWriteStub"
code-creation,Stub,0x35e4632099e0,1756,"RecordWriteStub"
code-creation,Stub,0x35e46320a0c0,1768,"RecordWriteStub"
code-creation,Stub,0x35e46320a7c0,778,"RecordWriteStub"
code-creation,Stub,0x35e46320aae0,1750,"RecordWriteStub"
code-creation,Stub,0x35e46320b1c0,1769,"RecordWriteStub"
code-creation,Stub,0x35e46320b8c0,1807,"RecordWriteStub"
code-creation,Stub,0x35e46320bfe0,1786,"RecordWriteStub"
code-creation,Builtin,0x35e46320c6e0,115,"Illegal"
code-creation,Builtin,0x35e46320c760,115,"EmptyFunction"
code-creation,Builtin,0x35e46320c7e0,115,"InternalArrayCodeGeneric"
code-creation,Builtin,0x35e46320c860,115,"ArrayCodeGeneric"
code-creation,Builtin,0x35e46320c8e0,115,"ArrayPush"
code-creation,Builtin,0x35e46320c960,115,"ArrayPop"
code-creation,Builtin,0x35e46320c9e0,115,"ArrayShift"
code-creation,Builtin,0x35e46320ca60,115,"ArrayUnshift"
code-creation,Builtin,0x35e46320cae0,115,"ArraySlice"
code-creation,Builtin,0x35e46320cb60,115,"ArraySplice"
code-creation,Builtin,0x35e46320cbe0,115,"ArrayConcat"
code-creation,Builtin,0x35e46320cc60,120,"HandleApiCall"
code-creation,Builtin,0x35e46320cce0,120,"HandleApiCallConstruct"
code-creation,Builtin,0x35e46320cd60,115,"HandleApiCallAsFunction"
code-creation,Builtin,0x35e46320cde0,115,"HandleApiCallAsConstructor"
code-creation,Builtin,0x35e46320ce60,115,"StrictModePoisonPill"
code-creation,Builtin,0x35e46320cee0,260,"ArgumentsAdaptorTrampoline"
code-creation,Builtin,0x35e46320d000,111,"InRecompileQueue"
code-creation,Builtin,0x35e46320d080,648,"JSConstructStubCountdown"
code-creation,Builtin,0x35e46320d320,577,"JSConstructStubGeneric"
code-creation,Builtin,0x35e46320d580,554,"JSConstructStubApi"
code-creation,Builtin,0x35e46320d7c0,206,"JSEntryTrampoline"
code-creation,Stub,0x35e46320d8a0,196,"CallConstructStub"
code-creation,Builtin,0x35e46320d980,177,"JSConstructEntryTrampoline"
code-creation,Builtin,0x35e46320da40,160,"LazyCompile"
code-creation,Builtin,0x35e46320dae0,160,"LazyRecompile"
code-creation,Builtin,0x35e46320db80,169,"ParallelRecompile"
code-creation,Builtin,0x35e46320dc40,221,"NotifyDeoptimized"
code-creation,Builtin,0x35e46320dd20,221,"NotifyLazyDeoptimized"
code-creation,Builtin,0x35e46320de00,189,"NotifyOSR"
code-creation,Builtin,0x35e46320dec0,120,"LoadIC_Miss"
code-creation,Builtin,0x35e46320df40,120,"KeyedLoadIC_Miss"
code-creation,Builtin,0x35e46320dfc0,120,"KeyedLoadIC_MissForceGeneric"
code-creation,Builtin,0x35e46320e040,120,"KeyedLoadIC_Slow"
code-creation,Builtin,0x35e46320e0c0,121,"StoreIC_Miss"
code-creation,Builtin,0x35e46320e140,121,"KeyedStoreIC_Miss"
code-creation,Builtin,0x35e46320e1c0,121,"KeyedStoreIC_MissForceGeneric"
code-creation,Builtin,0x35e46320e240,121,"KeyedStoreIC_Slow"
code-creation,Builtin,0x35e46320e2c0,120,"LoadIC_Initialize"
code-creation,Builtin,0x35e46320e340,120,"LoadIC_PreMonomorphic"
code-creation,Stub,0x35e46320e3c0,972,"StringDictionaryLookupStub"
code-creation,Builtin,0x35e46320e7a0,353,"LoadIC_Normal"
code-creation,Builtin,0x35e46320e920,128,"LoadIC_ArrayLength"
code-creation,Builtin,0x35e46320e9a0,131,"LoadIC_StringLength"
code-creation,Builtin,0x35e46320ea40,178,"LoadIC_StringWrapperLength"
code-creation,Builtin,0x35e46320eb00,168,"LoadIC_FunctionPrototype"
code-creation,Builtin,0x35e46320ebc0,324,"LoadIC_Megamorphic"
code-creation,Builtin,0x35e46320ed20,134,"LoadIC_Getter_ForDeopt"
code-creation,Builtin,0x35e46320edc0,120,"KeyedLoadIC_Initialize"
code-creation,Builtin,0x35e46320ee40,120,"KeyedLoadIC_PreMonomorphic"
code-creation,Stub,0x35e46320eec0,972,"StringDictionaryLookupStub"
code-creation,Builtin,0x35e46320f2a0,1018,"KeyedLoadIC_Generic"
code-creation,Builtin,0x35e46320f6a0,721,"KeyedLoadIC_String"
code-creation,Builtin,0x35e46320f980,188,"KeyedLoadIC_IndexedInterceptor"
code-creation,Builtin,0x35e46320fa40,307,"KeyedLoadIC_NonStrictArguments"
code-creation,Builtin,0x35e46320fb80,121,"StoreIC_Initialize"
code-creation,Builtin,0x35e46320fc00,212,"StoreIC_ArrayLength"
code-creation,Stub,0x35e46320fce0,991,"StringDictionaryLookupStub"
code-creation,Builtin,0x35e4632100c0,424,"StoreIC_Normal"
code-creation,Builtin,0x35e463210280,345,"StoreIC_Megamorphic"
code-creation,Builtin,0x35e4632103e0,125,"StoreIC_GlobalProxy"
code-creation,Builtin,0x35e463210460,121,"StoreIC_Initialize_Strict"
code-creation,Builtin,0x35e4632104e0,212,"StoreIC_ArrayLength_Strict"
code-creation,Builtin,0x35e4632105c0,424,"StoreIC_Normal_Strict"
code-creation,Builtin,0x35e463210780,345,"StoreIC_Megamorphic_Strict"
code-creation,Builtin,0x35e4632108e0,125,"StoreIC_GlobalProxy_Strict"
code-creation,Builtin,0x35e463210960,136,"StoreIC_Setter_ForDeopt"
code-creation,Builtin,0x35e463210a00,121,"KeyedStoreIC_Initialize"
code-creation,Builtin,0x35e463210a80,2425,"KeyedStoreIC_Generic"
code-creation,Builtin,0x35e463211400,121,"KeyedStoreIC_Initialize_Strict"
code-creation,Builtin,0x35e463211480,2425,"KeyedStoreIC_Generic_Strict"
code-creation,Builtin,0x35e463211e00,401,"KeyedStoreIC_NonStrictArguments"
code-creation,Builtin,0x35e463211fa0,476,"TransitionElementsSmiToDouble"
code-creation,Builtin,0x35e463212180,483,"TransitionElementsDoubleToObject"
code-creation,Builtin,0x35e463212380,483,"FunctionCall"
code-creation,Builtin,0x35e463212580,492,"FunctionApply"
code-creation,Stub,0x35e463212780,768,"RecordWriteStub"
code-creation,Builtin,0x35e463212a80,831,"InternalArrayCode"
code-creation,Builtin,0x35e463212dc0,831,"ArrayCode"
code-creation,Builtin,0x35e463213100,816,"ArrayConstructCode"
code-creation,Builtin,0x35e463213440,501,"StringConstructCode"
code-creation,Stub,0x35e463213640,113,"StackCheckStub"
code-creation,Builtin,0x35e4632136c0,930,"OnStackReplacement"
code-creation,Builtin,0x35e463213a80,183,"Return_DebugBreak"
code-creation,Builtin,0x35e463213b40,179,"CallFunctionStub_DebugBreak"
code-creation,Builtin,0x35e463213c00,181,"CallFunctionStub_Recording_DebugBreak"
code-creation,Builtin,0x35e463213cc0,215,"CallConstructStub_DebugBreak"
code-creation,Builtin,0x35e463213da0,217,"CallConstructStub_Recording_DebugBreak"
code-creation,Builtin,0x35e463213e80,181,"LoadIC_DebugBreak"
code-creation,Builtin,0x35e463213f40,181,"KeyedLoadIC_DebugBreak"
code-creation,Builtin,0x35e463214000,183,"StoreIC_DebugBreak"
code-creation,Builtin,0x35e4632140c0,183,"KeyedStoreIC_DebugBreak"
code-creation,Builtin,0x35e463214180,181,"Slot_DebugBreak"
code-creation,Builtin,0x35e463214240,97,"PlainReturn_LiveEdit"
code-creation,Builtin,0x35e4632142c0,137,"FrameDropper_LiveEdit"
code-creation,Stub,0x35e463206000,383,"JSEntryStub"
code-creation,Stub,0x35e463206180,383,"JSEntryStub"
code-creation,Stub,0x35e463206300,794,"CEntryStub"
code-creation,Stub,0x35e463206620,1145,"CEntryStub"
code-creation,Stub,0x35e463206aa0,168,"StoreBufferOverflowStub"
code-creation,Stub,0x35e463206b60,388,"StoreBufferOverflowStub"
code-creation,Stub,0x35e463206d00,1765,"RecordWriteStub"
code-creation,Stub,0x35e463207400,1756,"RecordWriteStub"
code-creation,Stub,0x35e463207ae0,772,"RecordWriteStub"
code-creation,Stub,0x35e463207e00,1756,"RecordWriteStub"
code-creation,Stub,0x35e4632084e0,1750,"RecordWriteStub"
code-creation,Stub,0x35e463208bc0,1810,"RecordWriteStub"
code-creation,Stub,0x35e4632092e0,1786,"RecordWriteStub"
code-creation,Stub,0x35e4632099e0,1756,"RecordWriteStub"
code-creation,Stub,0x35e46320a0c0,1768,"RecordWriteStub"
code-creation,Stub,0x35e46320a7c0,778,"RecordWriteStub"
code-creation,Stub,0x35e46320aae0,1750,"RecordWriteStub"
code-creation,Stub,0x35e46320b1c0,1769,"RecordWriteStub"
code-creation,Stub,0x35e46320b8c0,1807,"RecordWriteStub"
code-creation,Stub,0x35e46320bfe0,1786,"RecordWriteStub"
code-creation,Builtin,0x35e46320c6e0,115,"A builtin from the snapshot"
code-creation,Builtin,0x35e46320c760,115,"A builtin from the snapshot"
code-creation,Builtin,0x35e46320c7e0,115,"A builtin from the snapshot"
code-creation,Builtin,0x35e46320c860,115,"A builtin from the snapshot"
code-creation,Builtin,0x35e46320c8e0,115,"A builtin from the snapshot"
code-creation,Builtin,0x35e46320c960,115,"A builtin from the snapshot"
code-creation,Builtin,0x35e46320c9e0,115,"A builtin from the snapshot"
code-creation,Builtin,0x35e46320ca60,115,"A builtin from the snapshot"
code-creation,Builtin,0x35e46320cae0,115,"A builtin from the snapshot"
code-creation,Builtin,0x35e46320cb60,115,"A builtin from the snapshot"
code-creation,Builtin,0x35e46320cbe0,115,"A builtin from the snapshot"
code-creation,Builtin,0x35e46320cc60,120,"A builtin from the snapshot"
code-creation,Builtin,0x35e46320cce0,120,"A builtin from the snapshot"
code-creation,Builtin,0x35e46320cd60,115,"A builtin from the snapshot"
code-creation,Builtin,0x35e46320cde0,115,"A builtin from the snapshot"
code-creation,Builtin,0x35e46320ce60,115,"A builtin from the snapshot"
code-creation,Builtin,0x35e46320cee0,260,"A builtin from the snapshot"
code-creation,Builtin,0x35e46320d000,111,"A builtin from the snapshot"
code-creation,Builtin,0x35e46320d080,648,"A builtin from the snapshot"
code-creation,Builtin,0x35e46320d320,577,"A builtin from the snapshot"
code-creation,Builtin,0x35e46320d580,554,"A builtin from the snapshot"
code-creation,Builtin,0x35e46320d7c0,206,"A builtin from the snapshot"
code-creation,Stub,0x35e46320d8a0,196,"CallConstructStub"
code-creation,Builtin,0x35e46320d980,177,"A builtin from the snapshot"
code-creation,Builtin,0x35e46320da40,160,"A builtin from the snapshot"
code-creation,Builtin,0x35e46320dae0,160,"A builtin from the snapshot"
code-creation,Builtin,0x35e46320db80,169,"A builtin from the snapshot"
code-creation,Builtin,0x35e46320dc40,221,"A builtin from the snapshot"
code-creation,Builtin,0x35e46320dd20,221,"A builtin from the snapshot"
code-creation,Builtin,0x35e46320de00,189,"A builtin from the snapshot"
code-creation,Builtin,0x35e46320dec0,120,"A builtin from the snapshot"
code-creation,Builtin,0x35e46320df40,120,"A builtin from the snapshot"
code-creation,Builtin,0x35e46320dfc0,120,"A builtin from the snapshot"
code-creation,Builtin,0x35e46320e040,120,"A builtin from the snapshot"
code-creation,Builtin,0x35e46320e0c0,121,"A builtin from the snapshot"
code-creation,Builtin,0x35e46320e140,121,"A builtin from the snapshot"
code-creation,Builtin,0x35e46320e1c0,121,"A builtin from the snapshot"
code-creation,Builtin,0x35e46320e240,121,"A builtin from the snapshot"
code-creation,LoadIC,0x35e46320e2c0,120,"A load IC from the snapshot"
code-creation,LoadIC,0x35e46320e340,120,"A load IC from the snapshot"
code-creation,Stub,0x35e46320e3c0,972,"StringDictionaryLookupStub"
code-creation,LoadIC,0x35e46320e7a0,353,"A load IC from the snapshot"
code-creation,LoadIC,0x35e46320e920,128,"A load IC from the snapshot"
code-creation,LoadIC,0x35e46320e9a0,131,"A load IC from the snapshot"
code-creation,LoadIC,0x35e46320ea40,178,"A load IC from the snapshot"
code-creation,LoadIC,0x35e46320eb00,168,"A load IC from the snapshot"
code-creation,LoadIC,0x35e46320ebc0,324,"A load IC from the snapshot"
code-creation,LoadIC,0x35e46320ed20,134,"A load IC from the snapshot"
code-creation,KeyedLoadIC,0x35e46320edc0,120,"A keyed load IC from the snapshot"
code-creation,KeyedLoadIC,0x35e46320ee40,120,"A keyed load IC from the snapshot"
code-creation,Stub,0x35e46320eec0,972,"StringDictionaryLookupStub"
code-creation,KeyedLoadIC,0x35e46320f2a0,1018,"A keyed load IC from the snapshot"
code-creation,KeyedLoadIC,0x35e46320f6a0,721,"A keyed load IC from the snapshot"
code-creation,KeyedLoadIC,0x35e46320f980,188,"A keyed load IC from the snapshot"
code-creation,KeyedLoadIC,0x35e46320fa40,307,"A keyed load IC from the snapshot"
code-creation,StoreIC,0x35e46320fb80,121,"A store IC from the snapshot"
code-creation,StoreIC,0x35e46320fc00,212,"A store IC from the snapshot"
code-creation,Stub,0x35e46320fce0,991,"StringDictionaryLookupStub"
code-creation,StoreIC,0x35e4632100c0,424,"A store IC from the snapshot"
code-creation,StoreIC,0x35e463210280,345,"A store IC from the snapshot"
code-creation,StoreIC,0x35e4632103e0,125,"A store IC from the snapshot"
code-creation,StoreIC,0x35e463210460,121,"A store IC from the snapshot"
code-creation,StoreIC,0x35e4632104e0,212,"A store IC from the snapshot"
code-creation,StoreIC,0x35e4632105c0,424,"A store IC from the snapshot"
code-creation,StoreIC,0x35e463210780,345,"A store IC from the snapshot"
code-creation,StoreIC,0x35e4632108e0,125,"A store IC from the snapshot"
code-creation,StoreIC,0x35e463210960,136,"A store IC from the snapshot"
code-creation,KeyedStoreIC,0x35e463210a00,121,"A keyed store IC from the snapshot"
code-creation,KeyedStoreIC,0x35e463210a80,2425,"A keyed store IC from the snapshot"
code-creation,KeyedStoreIC,0x35e463211400,121,"A keyed store IC from the snapshot"
code-creation,KeyedStoreIC,0x35e463211480,2425,"A keyed store IC from the snapshot"
code-creation,KeyedStoreIC,0x35e463211e00,401,"A keyed store IC from the snapshot"
code-creation,Builtin,0x35e463211fa0,476,"A builtin from the snapshot"
code-creation,Builtin,0x35e463212180,483,"A builtin from the snapshot"
code-creation,Builtin,0x35e463212380,483,"A builtin from the snapshot"
code-creation,Builtin,0x35e463212580,492,"A builtin from the snapshot"
code-creation,Stub,0x35e463212780,768,"RecordWriteStub"
code-creation,Builtin,0x35e463212a80,831,"A builtin from the snapshot"
code-creation,Builtin,0x35e463212dc0,831,"A builtin from the snapshot"
code-creation,Builtin,0x35e463213100,816,"A builtin from the snapshot"
code-creation,Builtin,0x35e463213440,501,"A builtin from the snapshot"
code-creation,Stub,0x35e463213640,113,"StackCheckStub"
code-creation,Builtin,0x35e4632136c0,930,"A builtin from the snapshot"
code-creation,Builtin,0x35e463213a80,183,"A builtin from the snapshot"
code-creation,Builtin,0x35e463213b40,179,"A builtin from the snapshot"
code-creation,Builtin,0x35e463213c00,181,"A builtin from the snapshot"
code-creation,Builtin,0x35e463213cc0,215,"A builtin from the snapshot"
code-creation,Builtin,0x35e463213da0,217,"A builtin from the snapshot"
code-creation,LoadIC,0x35e463213e80,181,"A load IC from the snapshot"
code-creation,KeyedLoadIC,0x35e463213f40,181,"A keyed load IC from the snapshot"
code-creation,StoreIC,0x35e463214000,183,"A store IC from the snapshot"
code-creation,KeyedStoreIC,0x35e4632140c0,183,"A keyed store IC from the snapshot"
code-creation,Builtin,0x35e463214180,181,"A builtin from the snapshot"
code-creation,Builtin,0x35e463214240,97,"A builtin from the snapshot"
code-creation,Builtin,0x35e4632142c0,137,"A builtin from the snapshot"
code-creation,Stub,0x35e463214360,255,"CallConstructStub_Recording"
code-creation,Stub,0x35e463214460,113,"InterruptStub"
code-creation,Script,0x35e4632144e0,844,"native runtime.js",0x3adba5e1aa98,
code-creation,CallInitialize,0x35e463214840,244,"args_count: 1"
code-creation,CallInitialize,0x35e463214940,244,"args_count: 2"
code-creation,LazyCompile,0x35e463214a40,1884,"EQUALS native runtime.js:54",0x3adba5e18aa0,
code-creation,LazyCompile,0x35e4632151a0,432,"STRICT_EQUALS native runtime.js:100",0x3adba5e18b40,
code-creation,Stub,0x35e463215360,272,"StringCompareStub"
code-creation,Stub,0x35e463215480,173,"CompareICStub"
code-creation,LazyCompile,0x35e463215540,1044,"COMPARE native runtime.js:120",0x3adba5e18be0,
code-creation,Stub,0x35e463215960,1497,"StringAddStub"
code-creation,LazyCompile,0x35e463215f40,696,"ADD native runtime.js:163",0x3adba5e18c80,
code-creation,LazyCompile,0x35e463216200,360,"SUB native runtime.js:214",0x3adba5e18e60,
code-creation,LazyCompile,0x35e463216380,360,"MUL native runtime.js:222",0x3adba5e18f00,
code-creation,LazyCompile,0x35e463216500,360,"DIV native runtime.js:230",0x3adba5e18fa0,
code-creation,LazyCompile,0x35e463216680,360,"MOD native runtime.js:238",0x3adba5e19040,
code-creation,LazyCompile,0x35e463216800,360,"BIT_OR native runtime.js:252",0x3adba5e190e0,
code-creation,LazyCompile,0x35e463216980,468,"BIT_AND native runtime.js:260",0x3adba5e19180,
code-creation,LazyCompile,0x35e463216b60,360,"BIT_XOR native runtime.js:282",0x3adba5e19220,
code-creation,LazyCompile,0x35e463216ce0,296,"UNARY_MINUS native runtime.js:290",0x3adba5e192c0,
code-creation,LazyCompile,0x35e463216e20,296,"BIT_NOT native runtime.js:297",0x3adba5e19360,
code-creation,LazyCompile,0x35e463216f60,360,"SHL native runtime.js:304",0x3adba5e19400,
code-creation,LazyCompile,0x35e4632170e0,468,"SAR native runtime.js:312",0x3adba5e194a0,
code-creation,LazyCompile,0x35e4632172c0,360,"SHR native runtime.js:334",0x3adba5e19540,
code-creation,LazyCompile,0x35e463217440,284,"DELETE native runtime.js:348",0x3adba5e195e0,
code-creation,Stub,0x35e463217560,268,"FastCloneShallowArrayStub"
code-creation,LazyCompile,0x35e463217680,540,"IN native runtime.js:354",0x3adba5e19680,
code-creation,Stub,0x35e4632178a0,173,"CompareICStub"
code-creation,Stub,0x35e463217960,260,"FastCloneShallowArrayStub"
code-creation,Stub,0x35e463217a80,122,"ToBooleanStub_None"
code-creation,LazyCompile,0x35e463217b00,844,"INSTANCE_OF native runtime.js:367",0x3adba5e19720,
code-creation,LazyCompile,0x35e463217e60,292,"FILTER_KEY native runtime.js:398",0x3adba5e197c0,
code-creation,Stub,0x35e463217fa0,511,"ArgumentsAccessStub_NewNonStrictFast"
code-creation,LazyCompile,0x35e4632181a0,500,"CALL_NON_FUNCTION native runtime.js:405",0x3adba5e19860,
code-creation,LazyCompile,0x35e4632183a0,500,"CALL_NON_FUNCTION_AS_CONSTRUCTOR native runtime.js:414",0x3adba5e19900,
code-creation,Stub,0x35e4632185a0,146,"BinaryOpStub_SUB_Alloc_Uninitialized"
code-creation,Stub,0x35e463218640,217,"ArgumentsAccessStub_ReadElement"
code-creation,LazyCompile,0x35e463218720,344,"CALL_FUNCTION_PROXY native runtime.js:423",0x3adba5e199a0,
code-creation,LazyCompile,0x35e463218880,316,"CALL_FUNCTION_PROXY_AS_CONSTRUCTOR native runtime.js:431",0x3adba5e19a40,
code-creation,LazyCompile,0x35e4632189c0,232,"TO_OBJECT native runtime.js:482",0x3adba5e19c20,
code-creation,LazyCompile,0x35e463218ac0,232,"TO_NUMBER native runtime.js:488",0x3adba5e19cc0,
code-creation,LazyCompile,0x35e463218bc0,232,"TO_STRING native runtime.js:494",0x3adba5e19d60,
code-creation,Stub,0x35e463218cc0,260,"NumberToStringStub"
code-creation,LazyCompile,0x35e463218de0,708,"STRING_ADD_LEFT native runtime.js:183",0x3adba5e18d20,
code-creation,LazyCompile,0x35e4632190c0,720,"STRING_ADD_RIGHT native runtime.js:198",0x3adba5e18dc0,
code-creation,Stub,0x35e4632193a0,173,"CompareICStub"
code-creation,Stub,0x35e463219460,173,"CompareICStub"
code-creation,Stub,0x35e463219520,173,"CompareICStub"
code-creation,Stub,0x35e4632195e0,232,"FastCloneShallowArrayStub"
code-creation,LazyCompile,0x35e4632196e0,1264,"APPLY_PREPARE native runtime.js:438",0x3adba5e19ae0,
code-creation,LazyCompile,0x35e463219be0,284,"APPLY_OVERFLOW native runtime.js:476",0x3adba5e19b80,
code-creation,CallInitialize,0x35e463219d00,243,"args_count: 0"
code-creation,CallInitialize,0x35e463219e00,246,"args_count: 12"
code-creation,CallInitialize,0x35e463219f00,255,"args_count: 38"
code-creation,CallInitialize,0x35e46321a000,246,"args_count: 3"
code-creation,Script,0x35e46321a100,2592,"native v8natives.js",0x3adba5e21228,
code-creation,CallPreMonomorphic,0x35e46321ab20,243,"args_count: 0"
code-creation,CallInitialize,0x35e46321ac20,246,"args_count: 10"
code-creation,LazyCompile,0x35e46321ad20,672,"SetUpGlobal native v8natives.js:177",0x3adba5e1d5e0,
code-creation,CallPreMonomorphic,0x35e46321afc0,246,"args_count: 10"
code-creation,CallPreMonomorphic,0x35e46321b0c0,246,"args_count: 3"
code-creation,Stub,0x35e46321b1c0,146,"BinaryOpStub_SAR_Alloc_Uninitialized"
code-creation,Stub,0x35e46321b260,146,"BinaryOpStub_ADD_Alloc_Uninitialized"
code-creation,LazyCompile,0x35e46321b300,676,"InstallFunctions native v8natives.js:48",0x3adba5e1d180,
code-creation,Stub,0x35e46321b5c0,204,"CompareICStub"
code-creation,Stub,0x35e46321b6a0,302,"BinaryOpStub_SAR_Alloc_SMI"
code-creation,Stub,0x35e46321b7e0,204,"CompareICStub"
code-creation,Stub,0x35e46321b8c0,204,"KeyedLoadElementStub"
code-creation,KeyedLoadIC,0x35e46321b9a0,130,""
code-creation,KeyedLoadIC,0x35e46321b9a0,130,"args_count: 0"
code-creation,Stub,0x35e46321ba40,302,"BinaryOpStub_ADD_Alloc_SMI"
code-creation,CallInitialize,0x35e46321bb80,246,"args_count: 1"
code-creation,LazyCompile,0x35e46321bc80,380," native v8natives.js:205",0x3adba5e203e0,
code-creation,LazyCompile,0x35e46321bc80,380," native v8natives.js:205",0x3adba5e203e0,
code-creation,CallPreMonomorphic,0x35e46321be00,246,"args_count: 1"
code-creation,LazyCompile,0x35e46321bf00,496,"ToBoolean native runtime.js:517",0x3adba5e19ea0,
code-creation,StoreIC,0x35e46321c100,189,"constructor"
code-creation,StoreIC,0x35e46321c100,189,"constructor"
code-creation,CallPreMonomorphic,0x35e46321c1c0,246,"args_count: 12"
code-creation,CallPreMonomorphic,0x35e46321c2c0,255,"args_count: 38"
code-creation,Stub,0x35e46321c3c0,146,"BinaryOpStub_ADD_OverwriteLeft_Uninitialized"
code-creation,Stub,0x35e46321c460,139,"ToNumberStub"
code-creation,LazyCompile,0x35e46321c500,988,"SetUpLockedPrototype native v8natives.js:67",0x3adba5e1d220,
code-creation,Stub,0x35e46321c8e0,165,"ToBooleanStub_SpecObject"
code-creation,Stub,0x35e46321c9a0,302,"BinaryOpStub_ADD_OverwriteLeft_SMI"
code-creation,Stub,0x35e46321cae0,242,"FastCloneShallowObjectStub"
code-creation,LazyCompile,0x35e46321cbe0,440," native v8natives.js:1271",0x3adba5e21060,
code-creation,LazyCompile,0x35e46321cbe0,440," native v8natives.js:1271",0x3adba5e21060,
code-creation,CallInitialize,0x35e46321cda0,255,"args_count: 20"
code-creation,CallInitialize,0x35e46321cea0,255,"args_count: 28"
code-creation,LazyCompile,0x35e46321cfa0,1140,"SetUpObject native v8natives.js:1286",0x3adba5e1f3e0,
code-creation,CallPreMonomorphic,0x35e46321d420,255,"args_count: 20"
code-creation,CallPreMonomorphic,0x35e46321d520,255,"args_count: 28"
code-creation,CallInitialize,0x35e46321d620,246,"args_count: 4"
code-creation,LazyCompile,0x35e46321d720,364,"SetUpBoolean native v8natives.js:1351",0x3adba5e1f5c0,
code-creation,CallPreMonomorphic,0x35e46321d8a0,246,"args_count: 4"
code-creation,LazyCompile,0x35e46321d9a0,424," native v8natives.js:1366",0x3adba5e21100,
code-creation,LazyCompile,0x35e46321d9a0,424," native v8natives.js:1366",0x3adba5e21100,
code-creation,Stub,0x35e46321db60,187,"CompareICStub"
code-creation,LazyCompile,0x35e46321dc20,540,"ToNumber native runtime.js:527",0x3adba5e19f40,
code-creation,LazyCompile,0x35e46321de40,1256,"SetUpNumber native v8natives.js:1489",0x3adba5e1fb60,
code-creation,CallInitialize,0x35e46321e340,246,"args_count: 2"
code-creation,LazyCompile,0x35e46321e440,1148,"NewFunction native v8natives.js:1640",0x3adba5e1fde0,
code-creation,LazyCompile,0x35e46321e440,1148,"NewFunction native v8natives.js:1640",0x3adba5e1fde0,
code-creation,LazyCompile,0x35e46321e8c0,364,"SetUpFunction native v8natives.js:1668",0x3adba5e1fe80,
code-creation,Script,0x35e46321ea40,352,"native array.js",0x3adba5e25158,
code-creation,Stub,0x35e46321eba0,228,"FastNewContextStub"
code-creation,Stub,0x35e46321eca0,402,"FastNewClosureStub"
code-creation,Stub,0x35e46321ee40,317,"CallFunctionStub_Args2_Recording"
code-creation,Stub,0x35e46321ef80,317,"CallFunctionStub_Args3_Recording"
code-creation,CallInitialize,0x35e46321f0c0,255,"args_count: 42"
code-creation,CallInitialize,0x35e46321f1c0,246,"args_count: 6"
code-creation,LazyCompile,0x35e46321f2c0,2784,"SetUpArray native array.js:1494",0x3adba5e24df0,
code-creation,CallPreMonomorphic,0x35e46321fda0,246,"args_count: 2"
code-creation,LazyCompile,0x35e46321fea0,344,"SetUpArray.b native array.js:1507",0x3adba5e25f10,
code-creation,CallPreMonomorphic,0x35e463220000,244,"args_count: 1"
code-creation,LazyCompile,0x35e463220100,552,"hasOwnProperty native v8natives.js:249",0x3adba5e1d860,
code-creation,Stub,0x35e463220340,151,"ToBooleanStub_Bool"
code-creation,CallMiss,0x35e4632203e0,244,"args_count: 1"
code-creation,CallIC,0x35e4632204e0,187,"hasOwnProperty"
code-creation,KeyedLoadIC,0x35e4632205a0,160,"push"
code-creation,KeyedLoadIC,0x35e4632205a0,160,"push"
code-creation,KeyedLoadIC,0x35e463220640,160,"concat"
code-creation,KeyedLoadIC,0x35e463220640,160,"concat"
code-creation,CallPreMonomorphic,0x35e4632206e0,255,"args_count: 42"
code-creation,CallPreMonomorphic,0x35e4632207e0,246,"args_count: 6"
code-creation,Stub,0x35e4632208e0,232,"FastCloneShallowArrayStub"
code-creation,Script,0x35e4632209e0,1012,"native string.js",0x3adba5e29210,
code-creation,LazyCompile,0x35e463220de0,476," native string.js:36",0x3adba5e28ef8,
code-creation,LazyCompile,0x35e463220de0,476," native string.js:36",0x3adba5e28ef8,
code-creation,CallInitialize,0x35e463220fc0,255,"args_count: 70"
code-creation,LazyCompile,0x35e4632210c0,1616,"SetUpString native string.js:940",0x3adba5e28b48,
code-creation,CallPreMonomorphic,0x35e463221720,255,"args_count: 70"
code-creation,Script,0x35e463221820,348,"native uri.js",0x3adba5e2b2f8,
code-creation,LazyCompile,0x35e463221980,476,"SetUpUri native uri.js:410",0x3adba5e2b0a0,
code-creation,Script,0x35e463221b60,660,"native math.js",0x3adba5e2c8b8,
code-creation,LazyCompile,0x35e463221e00,196,"MathConstructor native math.js:37",0x3adba5e2ba40,
code-creation,CallInitialize,0x35e463221ee0,255,"args_count: 36"
code-creation,LazyCompile,0x35e463221fe0,1556,"SetUpMath native math.js:223",0x3adba5e2c620,
code-creation,CallPreMonomorphic,0x35e463222600,255,"args_count: 36"
code-creation,CallInitialize,0x35e463222700,246,"args_count: 7"
code-creation,CallInitialize,0x35e463222800,246,"args_count: 14"
code-creation,CallInitialize,0x35e463222900,246,"args_count: 5"
code-creation,CallInitialize,0x35e463222a00,255,"args_count: 32"
code-creation,Script,0x35e463222b00,2656,"native messages.js",0x3adba5e32bc8,
code-creation,LazyCompile,0x35e463223560,276," native messages.js:131",0x3adba5e32aa0,
code-creation,LazyCompile,0x35e463223560,276," native messages.js:131",0x3adba5e32aa0,
code-creation,CallPreMonomorphic,0x35e463223680,246,"args_count: 7"
code-creation,CallPreMonomorphic,0x35e463223780,246,"args_count: 14"
code-creation,CallPreMonomorphic,0x35e463223880,246,"args_count: 5"
code-creation,CallPreMonomorphic,0x35e463223980,255,"args_count: 32"
code-creation,Stub,0x35e463223a80,317,"CallFunctionStub_Args1_Recording"
code-creation,LazyCompile,0x35e463223bc0,612,"SetUpError native messages.js:1128",0x3adba5e32440,
code-creation,Stub,0x35e463223e40,1753,"RecordWriteStub"
code-creation,LazyCompile,0x35e463224520,936,"SetUpError.a native messages.js:1131",0x3adba5e34138,
code-creation,Stub,0x35e4632248e0,1458,"StringAddStub"
code-creation,Stub,0x35e463224ea0,204,"BinaryOpStub_ADD_Alloc_BothStrings"
code-creation,Stub,0x35e463224f80,214,"CompareICStub"
code-creation,LazyCompile,0x35e463225060,196,"d native messages.js:1147",0x3adba5e34710,
code-creation,LazyCompile,0x35e463225140,652," native messages.js:1157",0x3adba5e347b0,
code-creation,LazyCompile,0x35e463225140,652," native messages.js:1157",0x3adba5e347b0,
code-creation,LoadIC,0x35e4632253e0,147,"global"
code-creation,LoadIC,0x35e4632253e0,147,"global"
code-creation,LoadIC,0x35e463225480,147,"builtins"
code-creation,LoadIC,0x35e463225480,147,"builtins"
code-creation,Stub,0x35e463225520,565,"CompareStub_EQ_STRICT"
code-creation,LazyCompile,0x35e463225760,556,"captureStackTrace native messages.js:1113",0x3adba5e323a0,
code-creation,Stub,0x35e4632259a0,138,"ToBooleanStub_Undefined"
code-creation,LazyCompile,0x35e463225140,652," native messages.js:1157",0x3adba5e347b0,
code-creation,LoadIC,0x35e463225a40,147,"$Error"
code-creation,LoadIC,0x35e463225a40,147,"$Error"
code-creation,LoadIC,0x35e463225ae0,147,"kAddMessageAccessorsMarker"
code-creation,LoadIC,0x35e463225ae0,147,"kAddMessageAccessorsMarker"
code-creation,CallMiss,0x35e463225b80,246,"args_count: 2"
code-creation,CallIC,0x35e463225c80,190,"captureStackTrace"
code-creation,LoadIC,0x35e463225d40,194,""
code-creation,LoadIC,0x35e463225d40,194,""
code-creation,LazyCompile,0x35e463225140,652," native messages.js:1157",0x3adba5e347b0,
code-creation,LazyCompile,0x35e463225140,652," native messages.js:1157",0x3adba5e347b0,
code-creation,LazyCompile,0x35e463225140,652," native messages.js:1157",0x3adba5e347b0,
code-creation,LazyCompile,0x35e463225140,652," native messages.js:1157",0x3adba5e347b0,
code-creation,LazyCompile,0x35e463225140,652," native messages.js:1157",0x3adba5e347b0,
code-creation,LazyCompile,0x35e463225e20,248,"MakeRangeError native messages.js:318",0x3adba5e30a00,
code-creation,LazyCompile,0x35e463225f20,372,"MakeGenericError native messages.js:114",0x3adba5e306e0,
code-creation,Stub,0x35e4632260a0,242,"FastNewContextStub"
code-creation,LazyCompile,0x35e4632261a0,408,"DefineOneShotAccessor native messages.js:767",0x3adba5e315e0,
code-creation,LoadIC,0x35e463226340,194,""
code-creation,LoadIC,0x35e463226340,194,""
code-creation,StoreIC,0x35e463226420,185,"type"
code-creation,StoreIC,0x35e463226420,185,"type"
code-creation,StoreIC,0x35e4632264e0,185,"arguments"
code-creation,StoreIC,0x35e4632264e0,185,"arguments"
code-creation,Script,0x35e4632265a0,368,"native apinatives.js",0x3adba5e352e0,
code-creation,Stub,0x35e463226720,258,"FastCloneShallowObjectStub"
code-creation,Script,0x35e463226840,1052,"native date.js",0x3adba5e387a8,
code-creation,StoreIC,0x35e463226c60,185,"time"
code-creation,StoreIC,0x35e463226c60,185,"time"
code-creation,CallInitialize,0x35e463226d20,241,"args_count: 0"
code-creation,Stub,0x35e463226e20,173,"CompareICStub"
code-creation,LazyCompile,0x35e463226ee0,1720," native date.js:145",0x3adba5e38690,
code-creation,LazyCompile,0x35e463226ee0,1720," native date.js:145",0x3adba5e38690,
code-creation,CallInitialize,0x35e4632275a0,255,"args_count: 92"
code-creation,LazyCompile,0x35e4632276a0,2032,"SetUpDate native date.js:768",0x3adba5e38120,
code-creation,CallPreMonomorphic,0x35e463227ea0,255,"args_count: 92"
code-creation,Script,0x35e463227fa0,344,"native json.js",0x3adba5e3a510,
code-creation,LazyCompile,0x35e463228100,348,"SetUpJSON native json.js:341",0x3adba5e3a358,
code-creation,Script,0x35e463228260,564,"native regexp.js",0x3adba5e3b880,
code-creation,CallInitialize,0x35e4632284a0,246,"args_count: 8"
code-creation,LazyCompile,0x35e4632285a0,2308,"SetUpRegExp native regexp.js:400",0x3adba5e3b608,
code-creation,LazyCompile,0x35e463228ec0,404,"RegExpConstructor native regexp.js:86",0x3adba5e3ad48,
code-creation,LazyCompile,0x35e463228ec0,404,"RegExpConstructor native regexp.js:86",0x3adba5e3ad48,
code-creation,CallPreMonomorphic,0x35e463229060,246,"args_count: 8"
code-creation,Stub,0x35e463229160,1690,"StringAddStub"
code-creation,Stub,0x35e463229800,1687,"StringAddStub"
code-creation,Stub,0x35e463229ea0,203,"BinaryOpStub_ADD_Alloc_Strings"
code-creation,CallPreMonomorphic,0x35e463229f80,244,"args_count: 2"
code-creation,LazyCompile,0x35e46322a080,536,"ToPrimitive native runtime.js:506",0x3adba5e19e00,
code-creation,LazyCompile,0x35e46322a2a0,496,"ToString native runtime.js:550",0x3adba5e1a080,
code-creation,LazyCompile,0x35e46322a4a0,280,"RegExpMakeCaptureGetter native regexp.js:360",0x3adba5e3b568,
code-creation,LoadIC,0x35e46322a5c0,147,"$RegExp"
code-creation,LoadIC,0x35e46322a5c0,147,"$RegExp"
code-creation,CallMiss,0x35e46322a660,246,"args_count: 1"
code-creation,CallIC,0x35e46322a760,190,"RegExpMakeCaptureGetter"
snapshot-code-name,6860,"Stub:CompareICStub"
snapshot-pos,0x35e46321b7e0,6860
snapshot-code-name,7119,"Stub:CEntryStub"
snapshot-pos,0x35e463206300,7119
snapshot-code-name,8128,"Stub:StoreBufferOverflowStub"
snapshot-pos,0x35e463206aa0,8128
snapshot-code-name,8372,"Stub:RecordWriteStub"
snapshot-pos,0x35e463207ae0,8372
snapshot-code-name,9240,"Stub:CompareICStub"
snapshot-pos,0x35e463219520,9240
snapshot-code-name,9487,"Stub:FastCloneShallowArrayStub"
snapshot-pos,0x35e4632195e0,9487
snapshot-code-name,9813,"Stub:CompareICStub"
snapshot-pos,0x35e463224f80,9813
snapshot-code-name,10096,"Stub:RecordWriteStub"
snapshot-pos,0x35e46320aae0,10096
snapshot-code-name,12020,"Stub:ToBooleanStub_Undefined"
snapshot-pos,0x35e4632259a0,12020
snapshot-code-name,12232,"Stub:ToNumberStub"
snapshot-pos,0x35e46321c460,12232
snapshot-code-name,12430,"Stub:ToBooleanStub_None"
snapshot-pos,0x35e463217a80,12430
snapshot-code-name,12615,"Stub:RecordWriteStub"
snapshot-pos,0x35e4632084e0,12615
snapshot-code-name,14539,"Stub:NumberToStringStub"
snapshot-pos,0x35e463218cc0,14539
snapshot-code-name,14883,"Stub:StringDictionaryLookupStub"
snapshot-pos,0x35e46320e3c0,14883
snapshot-code-name,15959,"Stub:CompareICStub"
snapshot-pos,0x35e46321b5c0,15959
snapshot-code-name,16241,"Stub:BinaryOpStub_ADD_Alloc_Uninitialized"
snapshot-pos,0x35e46321b260,16241
snapshot-code-name,16454,"Stub:StringAddStub"
snapshot-pos,0x35e463229160,16454
snapshot-code-name,18279,"Stub:RecordWriteStub"
snapshot-pos,0x35e4632099e0,18279
snapshot-code-name,20200,"Stub:BinaryOpStub_SAR_Alloc_SMI"
snapshot-pos,0x35e46321b6a0,20200
snapshot-code-name,20576,"Stub:FastNewContextStub"
snapshot-pos,0x35e4632260a0,20576
snapshot-code-name,20902,"Stub:CompareICStub"
snapshot-pos,0x35e4632193a0,20902
snapshot-code-name,21149,"Stub:StoreBufferOverflowStub"
snapshot-pos,0x35e463206b60,21149
snapshot-code-name,21621,"Stub:RecordWriteStub"
snapshot-pos,0x35e4632092e0,21621
snapshot-code-name,23579,"Stub:StringAddStub"
snapshot-pos,0x35e4632248e0,23579
snapshot-code-name,25180,"Stub:CompareICStub"
snapshot-pos,0x35e463219460,25180
snapshot-code-name,25431,"Stub:RecordWriteStub"
snapshot-pos,0x35e463208bc0,25431
snapshot-code-name,27416,"Stub:CallFunctionStub_Args3_Recording"
snapshot-pos,0x35e46321ef80,27416
snapshot-code-name,27768,"Builtin:ArgumentsAdaptorTrampoline"
snapshot-pos,0x35e46320cee0,27768
snapshot-code-name,28105,"Stub:FastNewContextStub"
snapshot-pos,0x35e46321eba0,28105
snapshot-code-name,28427,"Stub:CompareICStub"
snapshot-pos,0x35e4632178a0,28427
snapshot-code-name,28702,"Stub:InterruptStub"
snapshot-pos,0x35e463214460,28702
snapshot-code-name,28882,"Stub:ArgumentsAccessStub_NewNonStrictFast"
snapshot-pos,0x35e463217fa0,28882
snapshot-code-name,29467,"Stub:StringDictionaryLookupStub"
snapshot-pos,0x35e46320eec0,29467
snapshot-code-name,30546,"Stub:StackCheckStub"
snapshot-pos,0x35e463213640,30546
snapshot-code-name,30725,"Stub:FastCloneShallowArrayStub"
snapshot-pos,0x35e463217560,30725
snapshot-code-name,31083,"Stub:CompareICStub"
snapshot-pos,0x35e463215480,31083
snapshot-code-name,31330,"Stub:CallFunctionStub_Args2_Recording"
snapshot-pos,0x35e46321ee40,31330
snapshot-code-name,31713,"Stub:FastCloneShallowObjectStub"
snapshot-pos,0x35e463226720,31713
snapshot-code-name,32068,"Stub:ToBooleanStub_SpecObject"
snapshot-pos,0x35e46321c8e0,32068
snapshot-code-name,32315,"Stub:BinaryOpStub_ADD_Alloc_SMI"
snapshot-pos,0x35e46321ba40,32315
snapshot-code-name,32690,"Stub:CallConstructStub_Recording"
snapshot-pos,0x35e463214360,32690
snapshot-code-name,33005,"Stub:CEntryStub"
snapshot-pos,0x35e463206620,33005
snapshot-code-name,34374,"Stub:RecordWriteStub"
snapshot-pos,0x35e46320b1c0,34374
snapshot-code-name,36327,"Stub:ToBooleanStub_Bool"
snapshot-pos,0x35e463220340,36327
snapshot-code-name,36542,"Stub:CompareICStub"
snapshot-pos,0x35e46321db60,36542
snapshot-code-name,36789,"Stub:FastCloneShallowArrayStub"
snapshot-pos,0x35e4632208e0,36789
snapshot-code-name,37112,"Stub:CompareStub_EQ_STRICT"
snapshot-pos,0x35e463225520,37112
snapshot-code-name,37740,"Stub:RecordWriteStub"
snapshot-pos,0x35e463207400,37740
snapshot-code-name,39662,"Stub:RecordWriteStub"
snapshot-pos,0x35e463207e00,39662
snapshot-code-name,41587,"Stub:CallFunctionStub_Args1_Recording"
snapshot-pos,0x35e463223a80,41587
snapshot-code-name,41971,"Stub:RecordWriteStub"
snapshot-pos,0x35e46320a7c0,41971
snapshot-code-name,42842,"Stub:CompareICStub"
snapshot-pos,0x35e463226e20,42842
snapshot-code-name,43089,"Stub:FastCloneShallowArrayStub"
snapshot-pos,0x35e463217960,43089
snapshot-code-name,43444,"Stub:FastCloneShallowObjectStub"
snapshot-pos,0x35e46321cae0,43444
snapshot-code-name,43758,"Stub:BinaryOpStub_ADD_Alloc_Strings"
snapshot-pos,0x35e463229ea0,43758
snapshot-code-name,44013,"Stub:StringAddStub"
snapshot-pos,0x35e463229800,44013
snapshot-code-name,45869,"Stub:RecordWriteStub"
snapshot-pos,0x35e463206d00,45869
snapshot-code-name,47826,"Stub:StringCompareStub"
snapshot-pos,0x35e463215360,47826
snapshot-code-name,48170,"Stub:RecordWriteStub"
snapshot-pos,0x35e46320a0c0,48170
snapshot-code-name,50128,"Stub:RecordWriteStub"
snapshot-pos,0x35e46320bfe0,50128
snapshot-code-name,52085,"Stub:StringAddStub"
snapshot-pos,0x35e463215960,52085
snapshot-code-name,53714,"Stub:BinaryOpStub_SAR_Alloc_Uninitialized"
snapshot-pos,0x35e46321b1c0,53714
snapshot-code-name,53929,"Stub:BinaryOpStub_ADD_OverwriteLeft_Uninitialized"
snapshot-pos,0x35e46321c3c0,53929
snapshot-code-name,54145,"Stub:BinaryOpStub_SUB_Alloc_Uninitialized"
snapshot-pos,0x35e4632185a0,54145
snapshot-code-name,54360,"Stub:FastNewClosureStub"
snapshot-pos,0x35e46321eca0,54360
snapshot-code-name,54851,"Stub:StringDictionaryLookupStub"
snapshot-pos,0x35e46320fce0,54851
snapshot-code-name,55927,"Stub:RecordWriteStub"
snapshot-pos,0x35e463223e40,55927
snapshot-code-name,57853,"Stub:RecordWriteStub"
snapshot-pos,0x35e46320b8c0,57853
snapshot-code-name,59841,"Stub:JSEntryStub"
snapshot-pos,0x35e463206000,59841
snapshot-code-name,60372,"Stub:JSConstructEntryStub"
snapshot-pos,0x35e463206180,60372
snapshot-code-name,60904,"Stub:RecordWriteStub"
snapshot-pos,0x35e463212780,60904
snapshot-code-name,61744,"Stub:KeyedLoadElementStub"
snapshot-pos,0x35e46321b8c0,61744
snapshot-code-name,61996,"Builtin:KeyedLoadIC_MissForceGeneric"
snapshot-pos,0x35e46320dfc0,61996
snapshot-code-name,62177,"Stub:BinaryOpStub_ADD_OverwriteLeft_SMI"
snapshot-pos,0x35e46321c9a0,62177
snapshot-code-name,62552,"Stub:CallConstructStub"
snapshot-pos,0x35e46320d8a0,62552
snapshot-code-name,62823,"Stub:ArgumentsAccessStub_ReadElement"
snapshot-pos,0x35e463218640,62823
snapshot-code-name,63102,"Stub:BinaryOpStub_ADD_Alloc_BothStrings"
snapshot-pos,0x35e463224ea0,63102
snapshot-code-name,63422,"CallMiss:2"
snapshot-pos,0x35e463225b80,63422
snapshot-code-name,63738,"CallInitialize:10"
snapshot-pos,0x35e46321ac20,63738
snapshot-code-name,64058,"CallPreMonomorphic:20"
snapshot-pos,0x35e46321d420,64058
snapshot-code-name,64374,"CallPreMonomorphic:28"
snapshot-pos,0x35e46321d520,64374
snapshot-code-name,64690,"CallPreMonomorphic:38"
snapshot-pos,0x35e46321c2c0,64690
snapshot-code-name,65010,"CallInitialize:5"
snapshot-pos,0x35e463222900,65010
snapshot-code-name,65329,"CallInitialize:3"
snapshot-pos,0x35e46321a000,65329
snapshot-code-name,65648,"CallPreMonomorphic:7"
snapshot-pos,0x35e463223680,65648
snapshot-code-name,65964,"CallInitialize:14"
snapshot-pos,0x35e463222800,65964
snapshot-code-name,66283,"CallPreMonomorphic:1"
snapshot-pos,0x35e46321be00,66283
snapshot-code-name,66599,"CallPreMonomorphic:4"
snapshot-pos,0x35e46321d8a0,66599
snapshot-code-name,66918,"CallPreMonomorphic:5"
snapshot-pos,0x35e463223880,66918
snapshot-code-name,67234,"CallPreMonomorphic:32"
snapshot-pos,0x35e463223980,67234
snapshot-code-name,67553,"CallInitialize:1"
snapshot-pos,0x35e463214840,67553
snapshot-code-name,67872,"CallPreMonomorphic:10"
snapshot-pos,0x35e46321afc0,67872
snapshot-code-name,68188,"CallPreMonomorphic:0"
snapshot-pos,0x35e46321ab20,68188
snapshot-code-name,68504,"CallInitialize:92"
snapshot-pos,0x35e4632275a0,68504
snapshot-code-name,68820,"CallInitialize:2"
snapshot-pos,0x35e46321e340,68820
snapshot-code-name,69136,"CallPreMonomorphic:12"
snapshot-pos,0x35e46321c1c0,69136
snapshot-code-name,69452,"CallInitialize:28"
snapshot-pos,0x35e46321cea0,69452
snapshot-code-name,69771,"CallPreMonomorphic:8"
snapshot-pos,0x35e463229060,69771
snapshot-code-name,70087,"CallPreMonomorphic:2"
snapshot-pos,0x35e46321fda0,70087
snapshot-code-name,70403,"CallInitialize:1"
snapshot-pos,0x35e46321bb80,70403
snapshot-code-name,70722,"CallInitialize:7"
snapshot-pos,0x35e463222700,70722
snapshot-code-name,71038,"CallPreMonomorphic:14"
snapshot-pos,0x35e463223780,71038
snapshot-code-name,71358,"CallInitialize:70"
snapshot-pos,0x35e463220fc0,71358
snapshot-code-name,71674,"CallInitialize:4"
snapshot-pos,0x35e46321d620,71674
snapshot-code-name,71993,"CallInitialize:20"
snapshot-pos,0x35e46321cda0,71993
snapshot-code-name,72312,"CallInitialize:42"
snapshot-pos,0x35e46321f0c0,72312
snapshot-code-name,72631,"CallPreMonomorphic:3"
snapshot-pos,0x35e46321b0c0,72631
snapshot-code-name,72947,"CallInitialize:32"
snapshot-pos,0x35e463222a00,72947
snapshot-code-name,73266,"CallPreMonomorphic:42"
snapshot-pos,0x35e4632206e0,73266
snapshot-code-name,73582,"CallInitialize:38"
snapshot-pos,0x35e463219f00,73582
snapshot-code-name,73898,"CallInitialize:0"
snapshot-pos,0x35e463226d20,73898
snapshot-code-name,74217,"CallPreMonomorphic:6"
snapshot-pos,0x35e4632207e0,74217
snapshot-code-name,74536,"CallPreMonomorphic:92"
snapshot-pos,0x35e463227ea0,74536
snapshot-code-name,74852,"CallMiss:1"
snapshot-pos,0x35e46322a660,74852
snapshot-code-name,75171,"CallPreMonomorphic:70"
snapshot-pos,0x35e463221720,75171
snapshot-code-name,75491,"CallMiss:1"
snapshot-pos,0x35e4632203e0,75491
snapshot-code-name,75807,"CallInitialize:2"
snapshot-pos,0x35e463214940,75807
snapshot-code-name,76126,"CallInitialize:8"
snapshot-pos,0x35e4632284a0,76126
snapshot-code-name,76442,"CallPreMonomorphic:2"
snapshot-pos,0x35e463229f80,76442
snapshot-code-name,76762,"CallPreMonomorphic:36"
snapshot-pos,0x35e463222600,76762
snapshot-code-name,77081,"CallInitialize:36"
snapshot-pos,0x35e463221ee0,77081
snapshot-code-name,77397,"CallPreMonomorphic:1"
snapshot-pos,0x35e463220000,77397
snapshot-code-name,77713,"CallInitialize:12"
snapshot-pos,0x35e463219e00,77713
snapshot-code-name,78033,"CallInitialize:0"
snapshot-pos,0x35e463219d00,78033
snapshot-code-name,78352,"CallInitialize:6"
snapshot-pos,0x35e46321f1c0,78352
snapshot-code-name,104803,"Builtin:Return_DebugBreak"
snapshot-pos,0x35e463213a80,104803
snapshot-code-name,105036,"Builtin:Slot_DebugBreak"
snapshot-pos,0x35e463214180,105036
snapshot-code-name,105352,"Builtin:EmptyFunction"
snapshot-pos,0x35e46320c760,105352
snapshot-code-name,105525,"Builtin:JSConstructStubGeneric"
snapshot-pos,0x35e46320d320,105525
snapshot-code-name,106421,"Script:native string.js"
snapshot-pos,0x35e4632209e0,106421
snapshot-code-name,107790,"Builtin:LazyCompile"
snapshot-pos,0x35e46320da40,107790
snapshot-code-name,122432,"LazyCompile:SetUpString native string.js:940"
snapshot-pos,0x35e4632210c0,122432
snapshot-code-name,124504,"Builtin:LoadIC_Initialize"
snapshot-pos,0x35e46320e2c0,124504
snapshot-code-name,125376,"LazyCompile: native string.js:36"
snapshot-pos,0x35e463220de0,125376
snapshot-code-name,127236,"Script:native math.js"
snapshot-pos,0x35e463221b60,127236
snapshot-code-name,128211,"LazyCompile:MathConstructor native math.js:37"
snapshot-pos,0x35e463221e00,128211
snapshot-code-name,133928,"LazyCompile:SetUpMath native math.js:223"
snapshot-pos,0x35e463221fe0,133928
snapshot-code-name,136943,"Builtin:StoreIC_Initialize"
snapshot-pos,0x35e46320fb80,136943
snapshot-code-name,137338,"Script:native array.js"
snapshot-pos,0x35e46321ea40,137338
snapshot-code-name,155013,"LazyCompile:SetUpArray native array.js:1494"
snapshot-pos,0x35e46321f2c0,155013
snapshot-code-name,158875,"LazyCompile:SetUpArray.b native array.js:1507"
snapshot-pos,0x35e46321fea0,158875
snapshot-code-name,159365,"Builtin:KeyedLoadIC_Initialize"
snapshot-pos,0x35e46320edc0,159365
snapshot-code-name,160955,"Script:native v8natives.js"
snapshot-pos,0x35e46321a100,160955
snapshot-code-name,164182,"LazyCompile:InstallFunctions native v8natives.js:48"
snapshot-pos,0x35e46321b300,164182
snapshot-code-name,178971,"LazyCompile:SetUpLockedPrototype native v8natives.js:67"
snapshot-pos,0x35e46321c500,178971
snapshot-code-name,181323,"LazyCompile:SetUpGlobal native v8natives.js:177"
snapshot-pos,0x35e46321ad20,181323
snapshot-code-name,182955,"LazyCompile:hasOwnProperty native v8natives.js:249"
snapshot-pos,0x35e463220100,182955
snapshot-code-name,190275,"LazyCompile:SetUpObject native v8natives.js:1286"
snapshot-pos,0x35e46321cfa0,190275
snapshot-code-name,192579,"LazyCompile:SetUpBoolean native v8natives.js:1351"
snapshot-pos,0x35e46321d720,192579
snapshot-code-name,194341,"LazyCompile:SetUpNumber native v8natives.js:1489"
snapshot-pos,0x35e46321de40,194341
snapshot-code-name,197179,"LazyCompile:NewFunction native v8natives.js:1640"
snapshot-pos,0x35e46321e440,197179
snapshot-code-name,198671,"Builtin:KeyedStoreIC_Initialize"
snapshot-pos,0x35e463210a00,198671
snapshot-code-name,199470,"LazyCompile:SetUpFunction native v8natives.js:1668"
snapshot-pos,0x35e46321e8c0,199470
snapshot-code-name,200295,"LazyCompile: native v8natives.js:205"
snapshot-pos,0x35e46321bc80,200295
snapshot-code-name,204675,"LazyCompile: native v8natives.js:1271"
snapshot-pos,0x35e46321cbe0,204675
snapshot-code-name,205464,"LazyCompile: native v8natives.js:1366"
snapshot-pos,0x35e46321d9a0,205464
snapshot-code-name,206519,"Script:native apinatives.js"
snapshot-pos,0x35e4632265a0,206519
snapshot-code-name,208014,"Script:native json.js"
snapshot-pos,0x35e463227fa0,208014
snapshot-code-name,212667,"LazyCompile:SetUpJSON native json.js:341"
snapshot-pos,0x35e463228100,212667
snapshot-code-name,213596,"Script:native date.js"
snapshot-pos,0x35e463226840,213596
snapshot-code-name,231849,"LazyCompile:SetUpDate native date.js:768"
snapshot-pos,0x35e4632276a0,231849
snapshot-code-name,235473,"LazyCompile: native date.js:145"
snapshot-pos,0x35e463226ee0,235473
snapshot-code-name,239865,"Script:native uri.js"
snapshot-pos,0x35e463221820,239865
snapshot-code-name,246374,"LazyCompile:SetUpUri native uri.js:410"
snapshot-pos,0x35e463221980,246374
snapshot-code-name,247489,"Script:native messages.js"
snapshot-pos,0x35e463222b00,247489
snapshot-code-name,261882,"LazyCompile:MakeGenericError native messages.js:114"
snapshot-pos,0x35e463225f20,261882
snapshot-code-name,263148,"LazyCompile:MakeRangeError native messages.js:318"
snapshot-pos,0x35e463225e20,263148
snapshot-code-name,266486,"LazyCompile:DefineOneShotAccessor native messages.js:767"
snapshot-pos,0x35e4632261a0,266486
snapshot-code-name,270413,"LazyCompile:captureStackTrace native messages.js:1113"
snapshot-pos,0x35e463225760,270413
snapshot-code-name,271597,"LazyCompile:SetUpError native messages.js:1128"
snapshot-pos,0x35e463223bc0,271597
snapshot-code-name,272486,"LazyCompile:SetUpError.a native messages.js:1131"
snapshot-pos,0x35e463224520,272486
snapshot-code-name,273855,"LazyCompile:d native messages.js:1147"
snapshot-pos,0x35e463225060,273855
snapshot-code-name,274434,"LazyCompile: native messages.js:1157"
snapshot-pos,0x35e463225140,274434
snapshot-code-name,277582,"LazyCompile: native messages.js:131"
snapshot-pos,0x35e463223560,277582
snapshot-code-name,280217,"Script:native regexp.js"
snapshot-pos,0x35e463228260,280217
snapshot-code-name,285194,"LazyCompile:RegExpConstructor native regexp.js:86"
snapshot-pos,0x35e463228ec0,285194
snapshot-code-name,287566,"LazyCompile:RegExpMakeCaptureGetter native regexp.js:360"
snapshot-pos,0x35e46322a4a0,287566
snapshot-code-name,288318,"LazyCompile:SetUpRegExp native regexp.js:400"
snapshot-pos,0x35e4632285a0,288318
snapshot-code-name,293464,"Script:native runtime.js"
snapshot-pos,0x35e4632144e0,293464
snapshot-code-name,294631,"LazyCompile:EQUALS native runtime.js:54"
snapshot-pos,0x35e463214a40,294631
snapshot-code-name,302703,"LazyCompile:STRICT_EQUALS native runtime.js:100"
snapshot-pos,0x35e4632151a0,302703
snapshot-code-name,303454,"LazyCompile:COMPARE native runtime.js:120"
snapshot-pos,0x35e463215540,303454
snapshot-code-name,304990,"LazyCompile:ADD native runtime.js:163"
snapshot-pos,0x35e463215f40,304990
snapshot-code-name,306126,"LazyCompile:STRING_ADD_LEFT native runtime.js:183"
snapshot-pos,0x35e463218de0,306126
snapshot-code-name,307220,"LazyCompile:STRING_ADD_RIGHT native runtime.js:198"
snapshot-pos,0x35e4632190c0,307220
snapshot-code-name,308307,"LazyCompile:SUB native runtime.js:214"
snapshot-pos,0x35e463216200,308307
snapshot-code-name,309034,"LazyCompile:MUL native runtime.js:222"
snapshot-pos,0x35e463216380,309034
snapshot-code-name,309718,"LazyCompile:DIV native runtime.js:230"
snapshot-pos,0x35e463216500,309718
snapshot-code-name,310402,"LazyCompile:MOD native runtime.js:238"
snapshot-pos,0x35e463216680,310402
snapshot-code-name,311086,"LazyCompile:BIT_OR native runtime.js:252"
snapshot-pos,0x35e463216800,311086
snapshot-code-name,311770,"LazyCompile:BIT_AND native runtime.js:260"
snapshot-pos,0x35e463216980,311770
snapshot-code-name,312588,"LazyCompile:BIT_XOR native runtime.js:282"
snapshot-pos,0x35e463216b60,312588
snapshot-code-name,313282,"LazyCompile:UNARY_MINUS native runtime.js:290"
snapshot-pos,0x35e463216ce0,313282
snapshot-code-name,313877,"LazyCompile:BIT_NOT native runtime.js:297"
snapshot-pos,0x35e463216e20,313877
snapshot-code-name,314472,"LazyCompile:SHL native runtime.js:304"
snapshot-pos,0x35e463216f60,314472
snapshot-code-name,315158,"LazyCompile:SAR native runtime.js:312"
snapshot-pos,0x35e4632170e0,315158
snapshot-code-name,315976,"LazyCompile:SHR native runtime.js:334"
snapshot-pos,0x35e4632172c0,315976
snapshot-code-name,316662,"LazyCompile:DELETE native runtime.js:348"
snapshot-pos,0x35e463217440,316662
snapshot-code-name,317244,"LazyCompile:IN native runtime.js:354"
snapshot-pos,0x35e463217680,317244
snapshot-code-name,318238,"LazyCompile:INSTANCE_OF native runtime.js:367"
snapshot-pos,0x35e463217b00,318238
snapshot-code-name,319783,"LazyCompile:FILTER_KEY native runtime.js:398"
snapshot-pos,0x35e463217e60,319783
snapshot-code-name,320410,"LazyCompile:CALL_NON_FUNCTION native runtime.js:405"
snapshot-pos,0x35e4632181a0,320410
snapshot-code-name,321384,"LazyCompile:CALL_NON_FUNCTION_AS_CONSTRUCTOR native runtime.js:414"
snapshot-pos,0x35e4632183a0,321384
snapshot-code-name,322306,"LazyCompile:CALL_FUNCTION_PROXY native runtime.js:423"
snapshot-pos,0x35e463218720,322306
snapshot-code-name,323002,"LazyCompile:CALL_FUNCTION_PROXY_AS_CONSTRUCTOR native runtime.js:431"
snapshot-pos,0x35e463218880,323002
snapshot-code-name,323624,"LazyCompile:APPLY_PREPARE native runtime.js:438"
snapshot-pos,0x35e4632196e0,323624
snapshot-code-name,325672,"LazyCompile:APPLY_OVERFLOW native runtime.js:476"
snapshot-pos,0x35e463219be0,325672
snapshot-code-name,326273,"LazyCompile:TO_OBJECT native runtime.js:482"
snapshot-pos,0x35e4632189c0,326273
snapshot-code-name,326792,"LazyCompile:TO_NUMBER native runtime.js:488"
snapshot-pos,0x35e463218ac0,326792
snapshot-code-name,327311,"LazyCompile:TO_STRING native runtime.js:494"
snapshot-pos,0x35e463218bc0,327311
snapshot-code-name,327799,"LazyCompile:ToPrimitive native runtime.js:506"
snapshot-pos,0x35e46322a080,327799
snapshot-code-name,328741,"LazyCompile:ToBoolean native runtime.js:517"
snapshot-pos,0x35e46321bf00,328741
snapshot-code-name,329562,"LazyCompile:ToNumber native runtime.js:527"
snapshot-pos,0x35e46321dc20,329562
snapshot-code-name,330526,"LazyCompile:ToString native runtime.js:550"
snapshot-pos,0x35e46322a2a0,330526
snapshot-code-name,332846,"Builtin:Illegal"
snapshot-pos,0x35e46320c6e0,332846
snapshot-code-name,333011,"Builtin:InternalArrayCodeGeneric"
snapshot-pos,0x35e46320c7e0,333011
snapshot-code-name,333173,"Builtin:ArrayCodeGeneric"
snapshot-pos,0x35e46320c860,333173
snapshot-code-name,333335,"Builtin:ArrayPush"
snapshot-pos,0x35e46320c8e0,333335
snapshot-code-name,333497,"Builtin:ArrayPop"
snapshot-pos,0x35e46320c960,333497
snapshot-code-name,333659,"Builtin:ArrayShift"
snapshot-pos,0x35e46320c9e0,333659
snapshot-code-name,333821,"Builtin:ArrayUnshift"
snapshot-pos,0x35e46320ca60,333821
snapshot-code-name,333983,"Builtin:ArraySlice"
snapshot-pos,0x35e46320cae0,333983
snapshot-code-name,334145,"Builtin:ArraySplice"
snapshot-pos,0x35e46320cb60,334145
snapshot-code-name,334307,"Builtin:ArrayConcat"
snapshot-pos,0x35e46320cbe0,334307
snapshot-code-name,334469,"Builtin:HandleApiCall"
snapshot-pos,0x35e46320cc60,334469
snapshot-code-name,334631,"Builtin:HandleApiCallConstruct"
snapshot-pos,0x35e46320cce0,334631
snapshot-code-name,334793,"Builtin:HandleApiCallAsFunction"
snapshot-pos,0x35e46320cd60,334793
snapshot-code-name,334955,"Builtin:HandleApiCallAsConstructor"
snapshot-pos,0x35e46320cde0,334955
snapshot-code-name,335117,"Builtin:StrictModePoisonPill"
snapshot-pos,0x35e46320ce60,335117
snapshot-code-name,335282,"Builtin:InRecompileQueue"
snapshot-pos,0x35e46320d000,335282
snapshot-code-name,335429,"Builtin:JSConstructStubCountdown"
snapshot-pos,0x35e46320d080,335429
snapshot-code-name,336205,"Builtin:JSConstructStubApi"
snapshot-pos,0x35e46320d580,336205
snapshot-code-name,336871,"Builtin:JSEntryTrampoline"
snapshot-pos,0x35e46320d7c0,336871
snapshot-code-name,337128,"Builtin:JSConstructEntryTrampoline"
snapshot-pos,0x35e46320d980,337128
snapshot-code-name,337356,"Builtin:LazyRecompile"
snapshot-pos,0x35e46320dae0,337356
snapshot-code-name,337554,"Builtin:ParallelRecompile"
snapshot-pos,0x35e46320db80,337554
snapshot-code-name,337784,"Builtin:NotifyDeoptimized"
snapshot-pos,0x35e46320dc40,337784
snapshot-code-name,338063,"Builtin:NotifyLazyDeoptimized"
snapshot-pos,0x35e46320dd20,338063
snapshot-code-name,338342,"Builtin:NotifyOSR"
snapshot-pos,0x35e46320de00,338342
snapshot-code-name,338572,"Builtin:LoadIC_Miss"
snapshot-pos,0x35e46320dec0,338572
snapshot-code-name,338734,"Builtin:KeyedLoadIC_Miss"
snapshot-pos,0x35e46320df40,338734
snapshot-code-name,338899,"Builtin:KeyedLoadIC_Slow"
snapshot-pos,0x35e46320e040,338899
snapshot-code-name,339061,"Builtin:StoreIC_Miss"
snapshot-pos,0x35e46320e0c0,339061
snapshot-code-name,339224,"Builtin:KeyedStoreIC_Miss"
snapshot-pos,0x35e46320e140,339224
snapshot-code-name,339387,"Builtin:KeyedStoreIC_MissForceGeneric"
snapshot-pos,0x35e46320e1c0,339387
snapshot-code-name,339550,"Builtin:KeyedStoreIC_Slow"
snapshot-pos,0x35e46320e240,339550
snapshot-code-name,339716,"Builtin:LoadIC_PreMonomorphic"
snapshot-pos,0x35e46320e340,339716
snapshot-code-name,339878,"Builtin:LoadIC_Normal"
snapshot-pos,0x35e46320e7a0,339878
snapshot-code-name,340301,"Builtin:LoadIC_ArrayLength"
snapshot-pos,0x35e46320e920,340301
snapshot-code-name,340457,"Builtin:LoadIC_StringLength"
snapshot-pos,0x35e46320e9a0,340457
snapshot-code-name,340647,"Builtin:LoadIC_StringWrapperLength"
snapshot-pos,0x35e46320ea40,340647
snapshot-code-name,340869,"Builtin:LoadIC_FunctionPrototype"
snapshot-pos,0x35e46320eb00,340869
snapshot-code-name,341091,"Builtin:LoadIC_Megamorphic"
snapshot-pos,0x35e46320ebc0,341091
snapshot-code-name,341502,"Builtin:LoadIC_Getter_ForDeopt"
snapshot-pos,0x35e46320ed20,341502
snapshot-code-name,341694,"Builtin:KeyedLoadIC_PreMonomorphic"
snapshot-pos,0x35e46320ee40,341694
snapshot-code-name,341857,"Builtin:KeyedLoadIC_Generic"
snapshot-pos,0x35e46320f2a0,341857
snapshot-code-name,342960,"Builtin:KeyedLoadIC_String"
snapshot-pos,0x35e46320f6a0,342960
snapshot-code-name,343832,"Builtin:KeyedLoadIC_IndexedInterceptor"
snapshot-pos,0x35e46320f980,343832
snapshot-code-name,344068,"Builtin:KeyedLoadIC_NonStrictArguments"
snapshot-pos,0x35e46320fa40,344068
snapshot-code-name,344442,"Builtin:StoreIC_ArrayLength"
snapshot-pos,0x35e46320fc00,344442
snapshot-code-name,344710,"Builtin:StoreIC_Normal"
snapshot-pos,0x35e4632100c0,344710
snapshot-code-name,345210,"Builtin:StoreIC_Megamorphic"
snapshot-pos,0x35e463210280,345210
snapshot-code-name,345627,"Builtin:StoreIC_GlobalProxy"
snapshot-pos,0x35e4632103e0,345627
snapshot-code-name,345791,"Builtin:StoreIC_Initialize_Strict"
snapshot-pos,0x35e463210460,345791
snapshot-code-name,345955,"Builtin:StoreIC_ArrayLength_Strict"
snapshot-pos,0x35e4632104e0,345955
snapshot-code-name,346225,"Builtin:StoreIC_Normal_Strict"
snapshot-pos,0x35e4632105c0,346225
snapshot-code-name,346726,"Builtin:StoreIC_Megamorphic_Strict"
snapshot-pos,0x35e463210780,346726
snapshot-code-name,347143,"Builtin:StoreIC_GlobalProxy_Strict"
snapshot-pos,0x35e4632108e0,347143
snapshot-code-name,347307,"Builtin:StoreIC_Setter_ForDeopt"
snapshot-pos,0x35e463210960,347307
snapshot-code-name,347500,"Builtin:KeyedStoreIC_Generic"
snapshot-pos,0x35e463210a80,347500
snapshot-code-name,350194,"Builtin:KeyedStoreIC_Initialize_Strict"
snapshot-pos,0x35e463211400,350194
snapshot-code-name,350359,"Builtin:KeyedStoreIC_Generic_Strict"
snapshot-pos,0x35e463211480,350359
snapshot-code-name,353053,"Builtin:KeyedStoreIC_NonStrictArguments"
snapshot-pos,0x35e463211e00,353053
snapshot-code-name,353532,"Builtin:TransitionElementsSmiToDouble"
snapshot-pos,0x35e463211fa0,353532
snapshot-code-name,354091,"Builtin:TransitionElementsDoubleToObject"
snapshot-pos,0x35e463212180,354091
snapshot-code-name,354685,"Builtin:FunctionCall"
snapshot-pos,0x35e463212380,354685
snapshot-code-name,355252,"Builtin:FunctionApply"
snapshot-pos,0x35e463212580,355252
snapshot-code-name,355809,"Builtin:InternalArrayCode"
snapshot-pos,0x35e463212a80,355809
snapshot-code-name,356738,"Builtin:ArrayCode"
snapshot-pos,0x35e463212dc0,356738
snapshot-code-name,357667,"Builtin:ArrayConstructCode"
snapshot-pos,0x35e463213100,357667
snapshot-code-name,358596,"Builtin:StringConstructCode"
snapshot-pos,0x35e463213440,358596
snapshot-code-name,359183,"Builtin:OnStackReplacement"
snapshot-pos,0x35e4632136c0,359183
snapshot-code-name,360224,"Builtin:CallFunctionStub_DebugBreak"
snapshot-pos,0x35e463213b40,360224
snapshot-code-name,360458,"Builtin:CallFunctionStub_Recording_DebugBreak"
snapshot-pos,0x35e463213c00,360458
snapshot-code-name,360692,"Builtin:CallConstructStub_DebugBreak"
snapshot-pos,0x35e463213cc0,360692
snapshot-code-name,360958,"Builtin:CallConstructStub_Recording_DebugBreak"
snapshot-pos,0x35e463213da0,360958
snapshot-code-name,361224,"Builtin:LoadIC_DebugBreak"
snapshot-pos,0x35e463213e80,361224
snapshot-code-name,361458,"Builtin:KeyedLoadIC_DebugBreak"
snapshot-pos,0x35e463213f40,361458
snapshot-code-name,361692,"Builtin:StoreIC_DebugBreak"
snapshot-pos,0x35e463214000,361692
snapshot-code-name,361926,"Builtin:KeyedStoreIC_DebugBreak"
snapshot-pos,0x35e4632140c0,361926
snapshot-code-name,362163,"Builtin:PlainReturn_LiveEdit"
snapshot-pos,0x35e463214240,362163
snapshot-code-name,362309,"Builtin:FrameDropper_LiveEdit"
snapshot-pos,0x35e4632142c0,362309
